0 info it worked if it ends with ok
1 verbose cli [ 'node', '/usr/local/bin/npm', 'install', '-g', 'b-g', 'bower' ]
2 info using npm@1.4.28
3 info using node@v0.10.36
4 verbose cache add [ 'b-g', null ]
5 verbose cache add name=undefined spec="b-g" args=["b-g",null]
6 verbose parsed url { protocol: null,
6 verbose parsed url   slashes: null,
6 verbose parsed url   auth: null,
6 verbose parsed url   host: null,
6 verbose parsed url   port: null,
6 verbose parsed url   hostname: null,
6 verbose parsed url   hash: null,
6 verbose parsed url   search: null,
6 verbose parsed url   query: null,
6 verbose parsed url   pathname: 'b-g',
6 verbose parsed url   path: 'b-g',
6 verbose parsed url   href: 'b-g' }
7 verbose cache add [ 'bower', null ]
8 verbose cache add name=undefined spec="bower" args=["bower",null]
9 verbose parsed url { protocol: null,
9 verbose parsed url   slashes: null,
9 verbose parsed url   auth: null,
9 verbose parsed url   host: null,
9 verbose parsed url   port: null,
9 verbose parsed url   hostname: null,
9 verbose parsed url   hash: null,
9 verbose parsed url   search: null,
9 verbose parsed url   query: null,
9 verbose parsed url   pathname: 'bower',
9 verbose parsed url   path: 'bower',
9 verbose parsed url   href: 'bower' }
10 silly lockFile 52d2586e-b-g b-g
11 verbose lock b-g /Users/Ben/.npm/52d2586e-b-g.lock
12 silly lockFile 206e3ce5-bower bower
13 verbose lock bower /Users/Ben/.npm/206e3ce5-bower.lock
14 silly lockFile 52d2586e-b-g b-g
15 silly lockFile 52d2586e-b-g b-g
16 silly lockFile 206e3ce5-bower bower
17 silly lockFile 206e3ce5-bower bower
18 verbose addNamed [ 'b-g', '' ]
19 verbose addNamed [ null, '*' ]
20 silly lockFile c9d3f4b1-b-g b-g@
21 verbose lock b-g@ /Users/Ben/.npm/c9d3f4b1-b-g.lock
22 verbose addNamed [ 'bower', '' ]
23 verbose addNamed [ null, '*' ]
24 silly lockFile 1240aab1-bower bower@
25 verbose lock bower@ /Users/Ben/.npm/1240aab1-bower.lock
26 silly addNameRange { name: 'b-g', range: '*', hasData: false }
27 silly addNameRange { name: 'bower', range: '*', hasData: false }
28 verbose registry.get https://registry.npmjs.org/bower not expired, no request
29 silly addNameRange number 2 { name: 'bower', range: '*', hasData: true }
30 silly addNameRange versions [ 'bower',
30 silly addNameRange   [ '0.1.0',
30 silly addNameRange     '0.1.2',
30 silly addNameRange     '0.1.3',
30 silly addNameRange     '0.2.0',
30 silly addNameRange     '0.3.0',
30 silly addNameRange     '0.3.1',
30 silly addNameRange     '0.3.2',
30 silly addNameRange     '0.4.0',
30 silly addNameRange     '0.5.0',
30 silly addNameRange     '0.5.1',
30 silly addNameRange     '0.6.0',
30 silly addNameRange     '0.6.1',
30 silly addNameRange     '0.6.2',
30 silly addNameRange     '0.6.3',
30 silly addNameRange     '0.6.4',
30 silly addNameRange     '0.6.5',
30 silly addNameRange     '0.6.6',
30 silly addNameRange     '0.6.7',
30 silly addNameRange     '0.6.8',
30 silly addNameRange     '0.7.0',
30 silly addNameRange     '0.7.1',
30 silly addNameRange     '0.8.0',
30 silly addNameRange     '0.8.1',
30 silly addNameRange     '0.8.2',
30 silly addNameRange     '0.8.3',
30 silly addNameRange     '0.8.4',
30 silly addNameRange     '0.8.5',
30 silly addNameRange     '0.8.6',
30 silly addNameRange     '0.9.0',
30 silly addNameRange     '0.9.1',
30 silly addNameRange     '0.9.2',
30 silly addNameRange     '0.10.0',
30 silly addNameRange     '1.0.0',
30 silly addNameRange     '1.0.1',
30 silly addNameRange     '1.0.2',
30 silly addNameRange     '1.0.3',
30 silly addNameRange     '1.1.0',
30 silly addNameRange     '1.1.1',
30 silly addNameRange     '1.1.2',
30 silly addNameRange     '1.2.0',
30 silly addNameRange     '1.2.1',
30 silly addNameRange     '1.2.2',
30 silly addNameRange     '1.2.3',
30 silly addNameRange     '1.2.4',
30 silly addNameRange     '1.2.5',
30 silly addNameRange     '1.2.6',
30 silly addNameRange     '1.2.7',
30 silly addNameRange     '1.2.8',
30 silly addNameRange     '1.3.0',
30 silly addNameRange     '1.3.1',
30 silly addNameRange     '1.3.2',
30 silly addNameRange     '1.3.3',
30 silly addNameRange     '1.3.4',
30 silly addNameRange     '1.3.5',
30 silly addNameRange     '1.3.6',
30 silly addNameRange     '1.3.7',
30 silly addNameRange     '1.3.8',
30 silly addNameRange     '1.3.9',
30 silly addNameRange     '1.3.10',
30 silly addNameRange     '1.3.11',
30 silly addNameRange     '1.3.12',
30 silly addNameRange     '1.4.0',
30 silly addNameRange     '1.4.1',
30 silly addNameRange     '1.5.0',
30 silly addNameRange     '1.5.1',
30 silly addNameRange     '1.5.2',
30 silly addNameRange     '1.5.3',
30 silly addNameRange     '1.6.2',
30 silly addNameRange     '1.6.3',
30 silly addNameRange     '1.6.4',
30 silly addNameRange     '1.6.5',
30 silly addNameRange     '1.5.4',
30 silly addNameRange     '1.4.2',
30 silly addNameRange     '1.6.6',
30 silly addNameRange     '1.6.7',
30 silly addNameRange     '1.6.8',
30 silly addNameRange     '1.6.9',
30 silly addNameRange     '1.7.0',
30 silly addNameRange     '1.7.1',
30 silly addNameRange     '1.7.2',
30 silly addNameRange     '1.7.5',
30 silly addNameRange     '1.7.6',
30 silly addNameRange     '1.7.7',
30 silly addNameRange     '1.7.8',
30 silly addNameRange     '1.7.9' ] ]
31 verbose addNamed [ 'bower', '1.7.9' ]
32 verbose addNamed [ '1.7.9', '1.7.9' ]
33 silly lockFile c07be986-bower-1-7-9 bower@1.7.9
34 verbose lock bower@1.7.9 /Users/Ben/.npm/c07be986-bower-1-7-9.lock
35 verbose request where is /b-g
36 verbose request registry https://registry.npmjs.org/
37 verbose request id af4ea30d3aa6d88a
38 verbose url raw /b-g
39 verbose url resolving [ 'https://registry.npmjs.org/', './b-g' ]
40 verbose url resolved https://registry.npmjs.org/b-g
41 verbose request where is https://registry.npmjs.org/b-g
42 info trying registry request attempt 1 at 13:47:42
43 http GET https://registry.npmjs.org/b-g
44 silly lockFile c07be986-bower-1-7-9 bower@1.7.9
45 silly lockFile c07be986-bower-1-7-9 bower@1.7.9
46 silly lockFile 1240aab1-bower bower@
47 silly lockFile 1240aab1-bower bower@
48 http 404 https://registry.npmjs.org/b-g
49 silly registry.get cb [ 404,
49 silly registry.get   { 'content-type': 'application/json',
49 silly registry.get     'cache-control': 'max-age=0',
49 silly registry.get     'content-length': '2',
49 silly registry.get     'accept-ranges': 'bytes',
49 silly registry.get     date: 'Mon, 13 Jun 2016 12:47:43 GMT',
49 silly registry.get     via: '1.1 varnish',
49 silly registry.get     age: '0',
49 silly registry.get     connection: 'keep-alive',
49 silly registry.get     'x-served-by': 'cache-ams4138-AMS',
49 silly registry.get     'x-cache': 'MISS',
49 silly registry.get     'x-cache-hits': '0',
49 silly registry.get     'x-timer': 'S1465822062.942624,VS0,VE113',
49 silly registry.get     vary: 'Accept-Encoding' } ]
50 silly lockFile c9d3f4b1-b-g b-g@
51 silly lockFile c9d3f4b1-b-g b-g@
52 error 404 Not Found
52 error 404
52 error 404 'b-g' is not in the npm registry.
52 error 404 You should bug the author to publish it
52 error 404
52 error 404 Note that you can also install from a
52 error 404 tarball, folder, or http url, or git url.
53 error System Darwin 14.5.0
54 error command "node" "/usr/local/bin/npm" "install" "-g" "b-g" "bower"
55 error cwd /Users/Ben/Documents/Theodo/tempWorkSpace/gitPersonalTraining/BenEllerby.github.io
56 error node -v v0.10.36
57 error npm -v 1.4.28
58 error code E404
59 verbose exit [ 1, true ]
